[2025-05-12T10:54:51.653] [INFO] [75628] [HomeCheck] - [ConfigUtils] Checking started.
[2025-05-12T10:54:51.949] [INFO] [75628] [HomeCheck] - [CheckEntry] File count: 17
[2025-05-12T10:54:51.977] [ERROR] [75628] [HomeCheck] - [CheckEntry] Build scene or infer types error:  Error: ENOENT: no such file or directory, stat 'D:\File\Research\Abc2ArkIR\applications_app_samples\code\Solutions\InputMethod\KikaInput\D:\File\Research\Abc2ArkIR\applications_app_samples\code\Solutions\InputMethod\KikaInput\entry\src\main\ets\common\StyleConfiguration.ets'
    at Object.statSync (node:fs:1688:3)
    at SceneConfig.processFilePaths (D:\File\2025Spring\软件安全基础2025\BigHomework\Homecheck-Sec2025\node_modules\arkanalyzer\lib\Config.js:125:26)
    at D:\File\2025Spring\软件安全基础2025\BigHomework\Homecheck-Sec2025\node_modules\arkanalyzer\lib\Config.js:112:60
    at Array.forEach (<anonymous>)
    at SceneConfig.buildFromProjectFiles (D:\File\2025Spring\软件安全基础2025\BigHomework\Homecheck-Sec2025\node_modules\arkanalyzer\lib\Config.js:112:28)
    at buildScene (D:\File\2025Spring\软件安全基础2025\BigHomework\Homecheck-Sec2025\src\utils\common\CheckEntry.ts:264:21)
    at D:\File\2025Spring\软件安全基础2025\BigHomework\Homecheck-Sec2025\src\utils\common\CheckEntry.ts:225:10
    at Generator.next (<anonymous>)
    at fulfilled (D:\File\2025Spring\软件安全基础2025\BigHomework\Homecheck-Sec2025\src\utils\common\CheckEntry.ts:42:58)
    at processTicksAndRejections (node:internal/process/task_queues:95:5) {
  errno: -4058,
  syscall: 'stat',
  code: 'ENOENT',
  path: 'D:\\File\\Research\\Abc2ArkIR\\applications_app_samples\\code\\Solutions\\InputMethod\\KikaInput\\D:\\File\\Research\\Abc2ArkIR\\applications_app_samples\\code\\Solutions\\InputMethod\\KikaInput\\entry\\src\\main\\ets\\common\\StyleConfiguration.ets'
}
[2025-05-12T10:54:51.979] [INFO] [75628] [HomeCheck] - [Main] HomeCheck took: 0.352 s.
[2025-05-13T14:16:05.956] [INFO] [96144] [HomeCheck] - [ConfigUtils] Checking started.
[2025-05-13T14:16:06.477] [INFO] [96144] [HomeCheck] - [CheckEntry] File count: 17
[2025-05-13T14:16:06.509] [ERROR] [96144] [HomeCheck] - [CheckEntry] Build scene or infer types error:  Error: ENOENT: no such file or directory, stat 'D:\File\Research\Abc2ArkIR\applications_app_samples\code\Solutions\InputMethod\KikaInput\D:\File\Research\Abc2ArkIR\applications_app_samples\code\Solutions\InputMethod\KikaInput\entry\src\main\ets\common\StyleConfiguration.ets'
    at Object.statSync (node:fs:1688:3)
    at SceneConfig.processFilePaths (D:\File\2025Spring\软件安全基础2025\BigHomework\Homecheck-Sec2025\node_modules\arkanalyzer\lib\Config.js:125:26)
    at D:\File\2025Spring\软件安全基础2025\BigHomework\Homecheck-Sec2025\node_modules\arkanalyzer\lib\Config.js:112:60
    at Array.forEach (<anonymous>)
    at SceneConfig.buildFromProjectFiles (D:\File\2025Spring\软件安全基础2025\BigHomework\Homecheck-Sec2025\node_modules\arkanalyzer\lib\Config.js:112:28)
    at buildScene (D:\File\2025Spring\软件安全基础2025\BigHomework\Homecheck-Sec2025\src\utils\common\CheckEntry.ts:264:21)
    at D:\File\2025Spring\软件安全基础2025\BigHomework\Homecheck-Sec2025\src\utils\common\CheckEntry.ts:225:10
    at Generator.next (<anonymous>)
    at fulfilled (D:\File\2025Spring\软件安全基础2025\BigHomework\Homecheck-Sec2025\src\utils\common\CheckEntry.ts:42:58)
    at processTicksAndRejections (node:internal/process/task_queues:95:5) {
  errno: -4058,
  syscall: 'stat',
  code: 'ENOENT',
  path: 'D:\\File\\Research\\Abc2ArkIR\\applications_app_samples\\code\\Solutions\\InputMethod\\KikaInput\\D:\\File\\Research\\Abc2ArkIR\\applications_app_samples\\code\\Solutions\\InputMethod\\KikaInput\\entry\\src\\main\\ets\\common\\StyleConfiguration.ets'
}
[2025-05-13T14:16:06.512] [INFO] [96144] [HomeCheck] - [Main] HomeCheck took: 0.61 s.
